[debug] [2021-05-07T16:55:56.075Z] ----------------------------------------------------------------------
[debug] [2021-05-07T16:55:56.077Z] Command:       /Users/leorak/.nvm/versions/node/v14.15.4/bin/node /Users/leorak/.nvm/versions/node/v14.15.4/bin/firebase serve
[debug] [2021-05-07T16:55:56.078Z] CLI Version:   9.10.2
[debug] [2021-05-07T16:55:56.078Z] Platform:      darwin
[debug] [2021-05-07T16:55:56.078Z] Node Version:  v14.15.4
[debug] [2021-05-07T16:55:56.079Z] Time:          Fri May 07 2021 12:55:56 GMT-0400 (Eastern Daylight Time)
[debug] [2021-05-07T16:55:56.079Z] ----------------------------------------------------------------------
[debug] 
[debug] [2021-05-07T16:55:56.089Z] > command requires scopes: ["email","openid","https://www.googleapis.com/auth/cloudplatformprojects.readonly","https://www.googleapis.com/auth/firebase","https://www.googleapis.com/auth/cloud-platform"]
[debug] [2021-05-07T16:55:56.090Z] > authorizing via signed-in user (leorakurtz@gmail.com)
[debug] [2021-05-07T16:55:56.090Z] [iam] checking project priceless-f31d8 for permissions ["firebase.projects.get"]
[debug] [2021-05-07T16:55:56.093Z] >>> HTTP REQUEST POST https://cloudresourcemanager.googleapis.com/v1/projects/priceless-f31d8:testIamPermissions  
 {"permissions":["firebase.projects.get"]}
[debug] [2021-05-07T16:55:56.346Z] <<< HTTP RESPONSE 200 {"content-type":"application/json; charset=UTF-8","vary":"X-Origin, Referer, Origin,Accept-Encoding","date":"Fri, 07 May 2021 16:55:56 GMT","server":"ESF","cache-control":"private","x-xss-protection":"0","x-frame-options":"SAMEORIGIN","x-content-type-options":"nosniff","server-timing":"gfet4t7; dur=125","alt-svc":"h3-29=\":443\"; ma=2592000,h3-T051=\":443\"; ma=2592000,h3-Q050=\":443\"; ma=2592000,h3-Q046=\":443\"; ma=2592000,h3-Q043=\":443\"; ma=2592000,quic=\":443\"; ma=2592000; v=\"46,43\"","accept-ranges":"none","transfer-encoding":"chunked"}
[debug] [2021-05-07T16:55:56.347Z] > refreshing access token with scopes: []
[debug] [2021-05-07T16:55:56.348Z] >>> HTTP REQUEST POST https://www.googleapis.com/oauth2/v3/token  
 <request body omitted>
[debug] [2021-05-07T16:55:56.486Z] <<< HTTP RESPONSE 200 {"cache-control":"no-cache, no-store, max-age=0, must-revalidate","expires":"Mon, 01 Jan 1990 00:00:00 GMT","pragma":"no-cache","date":"Fri, 07 May 2021 16:55:56 GMT","content-type":"application/json; charset=utf-8","vary":"X-Origin, Referer, Origin,Accept-Encoding","server":"scaffolding on HTTPServer2","x-xss-protection":"0","x-frame-options":"SAMEORIGIN","x-content-type-options":"nosniff","alt-svc":"h3-29=\":443\"; ma=2592000,h3-T051=\":443\"; ma=2592000,h3-Q050=\":443\"; ma=2592000,h3-Q046=\":443\"; ma=2592000,h3-Q043=\":443\"; ma=2592000,quic=\":443\"; ma=2592000; v=\"46,43\"","accept-ranges":"none","transfer-encoding":"chunked"}
[debug] [2021-05-07T16:55:56.541Z] >>> [apiv2][query] GET https://firebase.googleapis.com/v1beta1/projects/priceless-f31d8 [none]
[debug] [2021-05-07T16:55:56.876Z] <<< [apiv2][status] GET https://firebase.googleapis.com/v1beta1/projects/priceless-f31d8 200
[debug] [2021-05-07T16:55:56.877Z] <<< [apiv2][body] GET https://firebase.googleapis.com/v1beta1/projects/priceless-f31d8 {"projectId":"priceless-f31d8","projectNumber":"709712833656","displayName":"Priceless","name":"projects/priceless-f31d8","resources":{"hostingSite":"priceless-f31d8","storageBucket":"priceless-f31d8.appspot.com","locationId":"northamerica-northeast1"},"state":"ACTIVE"}
[info] 
[info] === Serving from '/Users/leorak/GHP Workshops/priceless'...
[info] 
[debug] [2021-05-07T16:55:56.880Z] >>> [apiv2][query] GET https://firebasehosting.googleapis.com/v1beta1/projects/priceless-f31d8/sites 
[warn] ⚠  Your requested "node" version "12" doesn't match your global version "14" {"metadata":{"emulator":{"name":"functions"},"message":"Your requested \"node\" version \"12\" doesn't match your global version \"14\""}}
[debug] [2021-05-07T16:55:56.892Z] defaultcredentials: writing to file /Users/leorak/.config/firebase/leorakurtz_gmail_com_application_default_credentials.json
[debug] [2021-05-07T16:55:56.893Z] Setting GAC to /Users/leorak/.config/firebase/leorakurtz_gmail_com_application_default_credentials.json {"metadata":{"emulator":{"name":"functions"},"message":"Setting GAC to /Users/leorak/.config/firebase/leorakurtz_gmail_com_application_default_credentials.json"}}
[debug] [2021-05-07T16:55:56.894Z] >>> [apiv2][query] GET https://firebase.googleapis.com/v1beta1/projects/priceless-f31d8/adminSdkConfig [none]
[debug] [2021-05-07T16:55:57.210Z] <<< [apiv2][status] GET https://firebase.googleapis.com/v1beta1/projects/priceless-f31d8/adminSdkConfig 200
[debug] [2021-05-07T16:55:57.210Z] <<< [apiv2][body] GET https://firebase.googleapis.com/v1beta1/projects/priceless-f31d8/adminSdkConfig {"projectId":"priceless-f31d8","storageBucket":"priceless-f31d8.appspot.com","locationId":"northamerica-northeast1"}
[debug] [2021-05-07T16:55:57.248Z] <<< [apiv2][status] GET https://firebasehosting.googleapis.com/v1beta1/projects/priceless-f31d8/sites 200
[debug] [2021-05-07T16:55:57.248Z] <<< [apiv2][body] GET https://firebasehosting.googleapis.com/v1beta1/projects/priceless-f31d8/sites {"sites":[{"name":"projects/709712833656/sites/price-less","defaultUrl":"https://price-less.web.app","appId":"1:709712833656:web:d1698ad86f7706d56b118d","type":"USER_SITE"},{"name":"projects/709712833656/sites/priceless-f31d8","defaultUrl":"https://priceless-f31d8.web.app","type":"DEFAULT_SITE"}]}
[debug] [2021-05-07T16:55:57.249Z] >>> [apiv2][query] GET https://firebase.googleapis.com/v1beta1/projects/priceless-f31d8/webApps/-/config [none]
[debug] [2021-05-07T16:55:57.756Z] <<< [apiv2][status] GET https://firebase.googleapis.com/v1beta1/projects/priceless-f31d8/webApps/-/config 200
[debug] [2021-05-07T16:55:57.756Z] <<< [apiv2][body] GET https://firebase.googleapis.com/v1beta1/projects/priceless-f31d8/webApps/-/config {"projectId":"priceless-f31d8","appId":"1:709712833656:web:d1698ad86f7706d56b118d","storageBucket":"priceless-f31d8.appspot.com","locationId":"northamerica-northeast1","apiKey":"AIzaSyClMCl_RO_ziIwGDQZRrjEBmP5_gFUcxyA","authDomain":"priceless-f31d8.firebaseapp.com","messagingSenderId":"709712833656","measurementId":"G-SK4XX9KCE9"}
[info] i  functions: Watching "/Users/leorak/GHP Workshops/priceless/functions" for Cloud Functions... {"metadata":{"emulator":{"name":"functions"},"message":"Watching \"/Users/leorak/GHP Workshops/priceless/functions\" for Cloud Functions..."}}
[debug] [2021-05-07T16:55:57.809Z] [worker-pool] addWorker(~diagnostic~) {"metadata":{"emulator":{"name":"functions"},"message":"[worker-pool] addWorker(~diagnostic~)"}}
[debug] [2021-05-07T16:55:57.809Z] [worker-pool] Adding worker with key ~diagnostic~, total=1 {"metadata":{"emulator":{"name":"functions"},"message":"[worker-pool] Adding worker with key ~diagnostic~, total=1"}}
[debug] [2021-05-07T16:55:57.809Z] [worker-pool] submitWork(triggerId=) {"metadata":{"emulator":{"name":"functions"},"message":"[worker-pool] submitWork(triggerId=)"}}
[debug] [2021-05-07T16:55:57.810Z] [worker-~diagnostic~-ec85730d-3120-42f3-b6d2-de6acf075c1c]: Assigning socketPath: /var/folders/nb/98g8f2tj4pzcmyc3knk2ndy80000gn/T/fire_emu_53353.sock {"metadata":{"emulator":{"name":"functions"},"message":"[worker-~diagnostic~-ec85730d-3120-42f3-b6d2-de6acf075c1c]: Assigning socketPath: /var/folders/nb/98g8f2tj4pzcmyc3knk2ndy80000gn/T/fire_emu_53353.sock"}}
[debug] [2021-05-07T16:55:57.810Z] [worker-~diagnostic~-ec85730d-3120-42f3-b6d2-de6acf075c1c]: BUSY {"metadata":{"emulator":{"name":"functions"},"message":"[worker-~diagnostic~-ec85730d-3120-42f3-b6d2-de6acf075c1c]: BUSY"}}
[info] i  hosting[price-less]: Serving hosting files from: public {"metadata":{"emulator":{"name":"hosting"},"message":"Serving hosting files from: \u001b[1mpublic\u001b[22m"}}
[info] ✔  hosting[price-less]: Local server: http://localhost:5000 {"metadata":{"emulator":{"name":"hosting"},"message":"Local server: \u001b[4m\u001b[1mhttp://localhost:5000\u001b[22m\u001b[24m"}}
[debug] [2021-05-07T16:55:57.947Z] [runtime-status] [53353] Functions runtime initialized. {"cwd":"/Users/leorak/GHP Workshops/priceless/functions","node_version":"14.15.4"} {"metadata":{"emulator":{"name":"functions"},"message":"[runtime-status] [53353] Functions runtime initialized. {\"cwd\":\"/Users/leorak/GHP Workshops/priceless/functions\",\"node_version\":\"14.15.4\"}"}}
[debug] [2021-05-07T16:55:57.948Z] [runtime-status] [53353] Disabled runtime features: undefined {"metadata":{"emulator":{"name":"functions"},"message":"[runtime-status] [53353] Disabled runtime features: undefined"}}
[warn] ⚠  The Cloud Functions emulator requires the module "firebase-admin" to be installed. This package is in your package.json, but it's not available. You probably need to run "npm install" in your functions directory. {"metadata":{"emulator":{"name":"functions"},"message":"The Cloud Functions emulator requires the module \"firebase-admin\" to be installed. This package is in your package.json, but it's not available. You probably need to run \"npm install\" in your functions directory."}}
[info] i  functions: Your functions could not be parsed due to an issue with your node_modules (see above) {"metadata":{"emulator":{"name":"functions"},"message":"Your functions could not be parsed due to an issue with your node_modules (see above)"}}
[debug] [2021-05-07T16:55:57.967Z] [worker-~diagnostic~-ec85730d-3120-42f3-b6d2-de6acf075c1c]: exited {"metadata":{"emulator":{"name":"functions"},"message":"[worker-~diagnostic~-ec85730d-3120-42f3-b6d2-de6acf075c1c]: exited"}}
[debug] [2021-05-07T16:55:57.967Z] [worker-~diagnostic~-ec85730d-3120-42f3-b6d2-de6acf075c1c]: FINISHED {"metadata":{"emulator":{"name":"functions"},"message":"[worker-~diagnostic~-ec85730d-3120-42f3-b6d2-de6acf075c1c]: FINISHED"}}
[info] i  hosting: 127.0.0.1 - - [07/May/2021:16:58:29 +0000] "GET / HTTP/1.1" 200 324 "-" "Mozilla/5.0 (Macintosh; Intel Mac OS X 10_15_7) AppleWebKit/537.36 (KHTML, like Gecko) Chrome/90.0.4430.93 Safari/537.36" {"metadata":{"emulator":{"name":"hosting"},"message":"127.0.0.1 - - [07/May/2021:16:58:29 +0000] \"GET / HTTP/1.1\" 200 324 \"-\" \"Mozilla/5.0 (Macintosh; Intel Mac OS X 10_15_7) AppleWebKit/537.36 (KHTML, like Gecko) Chrome/90.0.4430.93 Safari/537.36\""}}
[info] i  hosting: 127.0.0.1 - - [07/May/2021:16:58:29 +0000] "GET /style.css HTTP/1.1" 200 202 "http://localhost:5000/" "Mozilla/5.0 (Macintosh; Intel Mac OS X 10_15_7) AppleWebKit/537.36 (KHTML, like Gecko) Chrome/90.0.4430.93 Safari/537.36" {"metadata":{"emulator":{"name":"hosting"},"message":"127.0.0.1 - - [07/May/2021:16:58:29 +0000] \"GET /style.css HTTP/1.1\" 200 202 \"http://localhost:5000/\" \"Mozilla/5.0 (Macintosh; Intel Mac OS X 10_15_7) AppleWebKit/537.36 (KHTML, like Gecko) Chrome/90.0.4430.93 Safari/537.36\""}}
[info] i  hosting: 127.0.0.1 - - [07/May/2021:16:58:29 +0000] "GET /bundle.js HTTP/1.1" 200 324 "http://localhost:5000/" "Mozilla/5.0 (Macintosh; Intel Mac OS X 10_15_7) AppleWebKit/537.36 (KHTML, like Gecko) Chrome/90.0.4430.93 Safari/537.36" {"metadata":{"emulator":{"name":"hosting"},"message":"127.0.0.1 - - [07/May/2021:16:58:29 +0000] \"GET /bundle.js HTTP/1.1\" 200 324 \"http://localhost:5000/\" \"Mozilla/5.0 (Macintosh; Intel Mac OS X 10_15_7) AppleWebKit/537.36 (KHTML, like Gecko) Chrome/90.0.4430.93 Safari/537.36\""}}
[info] i  hosting: 127.0.0.1 - - [07/May/2021:16:58:29 +0000] "GET /favicon.ico HTTP/1.1" 200 15086 "http://localhost:5000/" "Mozilla/5.0 (Macintosh; Intel Mac OS X 10_15_7) AppleWebKit/537.36 (KHTML, like Gecko) Chrome/90.0.4430.93 Safari/537.36" {"metadata":{"emulator":{"name":"hosting"},"message":"127.0.0.1 - - [07/May/2021:16:58:29 +0000] \"GET /favicon.ico HTTP/1.1\" 200 15086 \"http://localhost:5000/\" \"Mozilla/5.0 (Macintosh; Intel Mac OS X 10_15_7) AppleWebKit/537.36 (KHTML, like Gecko) Chrome/90.0.4430.93 Safari/537.36\""}}
